{
  "stats": {
    "suites": 17,
    "tests": 28,
    "passes": 27,
    "pending": 0,
    "failures": 1,
    "start": "2024-11-07T04:40:21.099Z",
    "end": "2024-11-07T04:40:21.333Z",
    "duration": 234,
    "testsRegistered": 28,
    "passPercent": 96.42857142857143,
    "pendingPercent": 0,
    "other": 0,
    "hasOther": false,
    "skipped": 0,
    "hasSkipped": false
  },
  "results": [
    {
      "uuid": "123ca4a2-cc47-402c-87b2-252e481cb711",
      "title": "",
      "fullFile": "",
      "file": "",
      "beforeHooks": [],
      "afterHooks": [],
      "tests": [],
      "suites": [
        {
          "uuid": "79ac8e94-c540-4d19-ae3a-cf7851125e85",
          "title": "Assigned Course Teacher Controller",
          "fullFile": "C:\\Users\\rubay\\Documents\\SWE-Project\\Smart-Class-Routine-Management-System\\SmartClassRoutineManagementSystem\\test\\assignedCourseTeacher.test.js",
          "file": "\\test\\assignedCourseTeacher.test.js",
          "beforeHooks": [
            {
              "title": "\"before each\" hook in \"Assigned Course Teacher Controller\"",
              "fullTitle": "Assigned Course Teacher Controller \"before each\" hook in \"Assigned Course Teacher Controller\"",
              "timedOut": false,
              "duration": 0,
              "state": null,
              "speed": null,
              "pass": false,
              "fail": false,
              "pending": false,
              "context": null,
              "code": "req = {\n    body: {}\n};\nres = {\n    status: sinon.stub().returnsThis(),\n    json: sinon.spy()\n};\nsinon.stub(db, 'query');",
              "err": {},
              "uuid": "277d0e68-567c-49ef-8b46-e68dadf15039",
              "parentUUID": "79ac8e94-c540-4d19-ae3a-cf7851125e85",
              "isHook": true,
              "skipped": false
            }
          ],
          "afterHooks": [
            {
              "title": "\"after each\" hook in \"Assigned Course Teacher Controller\"",
              "fullTitle": "Assigned Course Teacher Controller \"after each\" hook in \"Assigned Course Teacher Controller\"",
              "timedOut": false,
              "duration": 0,
              "state": null,
              "speed": null,
              "pass": false,
              "fail": false,
              "pending": false,
              "context": null,
              "code": "sinon.restore();",
              "err": {},
              "uuid": "187d59a0-070b-434d-838d-a684cc3502cf",
              "parentUUID": "79ac8e94-c540-4d19-ae3a-cf7851125e85",
              "isHook": true,
              "skipped": false
            }
          ],
          "tests": [],
          "suites": [
            {
              "uuid": "e1455196-c9e6-41dd-93b6-34fdb214a86b",
              "title": "handleUpdateAssignedCourseTeacher",
              "fullFile": "C:\\Users\\rubay\\Documents\\SWE-Project\\Smart-Class-Routine-Management-System\\SmartClassRoutineManagementSystem\\test\\assignedCourseTeacher.test.js",
              "file": "\\test\\assignedCourseTeacher.test.js",
              "beforeHooks": [],
              "afterHooks": [],
              "tests": [
                {
                  "title": "should update the teacher for an existing course",
                  "fullTitle": "Assigned Course Teacher Controller handleUpdateAssignedCourseTeacher should update the teacher for an existing course",
                  "timedOut": false,
                  "duration": 5,
                  "state": "passed",
                  "speed": "fast",
                  "pass": true,
                  "fail": false,
                  "pending": false,
                  "context": null,
                  "code": "req = testInputAssignedCourseTeacher.updateExistingCourse.req; // Use input from JSON\ndb.query.onCall(0).callsArgWith(2, null, testInputAssignedCourseTeacher.updateExistingCourse.dbResponses[0]); // Existing course\ndb.query.onCall(1).callsArgWith(2, null, testInputAssignedCourseTeacher.updateExistingCourse.dbResponses[1]); // Update response\nawait handleUpdateAssignedCourseTeacher(req, res);\nexpect(res.status.calledWith(testInputAssignedCourseTeacher.updateExistingCourse.expectedResponse.status)).to.be.true;\nexpect(res.json.calledWith(sinon.match(testInputAssignedCourseTeacher.updateExistingCourse.expectedResponse.body))).to.be.true;",
                  "err": {},
                  "uuid": "99bc296d-b08c-4574-9dda-388bbe96e607",
                  "parentUUID": "e1455196-c9e6-41dd-93b6-34fdb214a86b",
                  "isHook": false,
                  "skipped": false
                },
                {
                  "title": "should insert a new course-teacher assignment if course does not exist",
                  "fullTitle": "Assigned Course Teacher Controller handleUpdateAssignedCourseTeacher should insert a new course-teacher assignment if course does not exist",
                  "timedOut": false,
                  "duration": 0,
                  "state": "passed",
                  "speed": "fast",
                  "pass": true,
                  "fail": false,
                  "pending": false,
                  "context": null,
                  "code": "req = testInputAssignedCourseTeacher.insertNewAssignment.req; // Use input from JSON\ndb.query.onCall(0).callsArgWith(2, null, testInputAssignedCourseTeacher.insertNewAssignment.dbResponses[0]); // No existing course\ndb.query.onCall(1).callsArgWith(2, null, testInputAssignedCourseTeacher.insertNewAssignment.dbResponses[1]); // Insert response\nawait handleUpdateAssignedCourseTeacher(req, res);\nexpect(res.status.calledWith(testInputAssignedCourseTeacher.insertNewAssignment.expectedResponse.status)).to.be.true;\nexpect(res.json.calledWith(sinon.match(testInputAssignedCourseTeacher.insertNewAssignment.expectedResponse.body))).to.be.true;",
                  "err": {},
                  "uuid": "c0bc909d-4a89-42f8-af82-a273202c0c2f",
                  "parentUUID": "e1455196-c9e6-41dd-93b6-34fdb214a86b",
                  "isHook": false,
                  "skipped": false
                },
                {
                  "title": "should return an error if there is a database error",
                  "fullTitle": "Assigned Course Teacher Controller handleUpdateAssignedCourseTeacher should return an error if there is a database error",
                  "timedOut": false,
                  "duration": 22,
                  "state": "passed",
                  "speed": "fast",
                  "pass": true,
                  "fail": false,
                  "pending": false,
                  "context": null,
                  "code": "req = testInputAssignedCourseTeacher.databaseError.req; // Use input from JSON\ndb.query.onCall(0).callsArgWith(2, new Error('Database error'), null);\nawait handleUpdateAssignedCourseTeacher(req, res);\nexpect(res.status.calledWith(testInputAssignedCourseTeacher.databaseError.expectedResponse.status)).to.be.true;\nexpect(res.json.calledWith(sinon.match(testInputAssignedCourseTeacher.databaseError.expectedResponse.body))).to.be.true;",
                  "err": {},
                  "uuid": "6a4fcffd-6a9d-48f9-83ff-1bfe63a75b01",
                  "parentUUID": "e1455196-c9e6-41dd-93b6-34fdb214a86b",
                  "isHook": false,
                  "skipped": false
                }
              ],
              "suites": [],
              "passes": [
                "99bc296d-b08c-4574-9dda-388bbe96e607",
                "c0bc909d-4a89-42f8-af82-a273202c0c2f",
                "6a4fcffd-6a9d-48f9-83ff-1bfe63a75b01"
              ],
              "failures": [],
              "pending": [],
              "skipped": [],
              "duration": 27,
              "root": false,
              "rootEmpty": false,
              "_timeout": 2000
            },
            {
              "uuid": "10413cf5-ca7e-46b1-ac31-02df27013ecd",
              "title": "updateAssignedCourseTeacher",
              "fullFile": "C:\\Users\\rubay\\Documents\\SWE-Project\\Smart-Class-Routine-Management-System\\SmartClassRoutineManagementSystem\\test\\assignedCourseTeacher.test.js",
              "file": "\\test\\assignedCourseTeacher.test.js",
              "beforeHooks": [],
              "afterHooks": [],
              "tests": [
                {
                  "title": "should update an existing assignment",
                  "fullTitle": "Assigned Course Teacher Controller updateAssignedCourseTeacher should update an existing assignment",
                  "timedOut": false,
                  "duration": 1,
                  "state": "passed",
                  "speed": "fast",
                  "pass": true,
                  "fail": false,
                  "pending": false,
                  "context": null,
                  "code": "db.query.onCall(0).callsArgWith(2, null, [{ assigned_course_teacher_id: 1 }]);\ndb.query.onCall(1).callsArgWith(2, null, { affectedRows: 1 });\nconst result = await updateAssignedCourseTeacher(1, 2);\nexpect(result).to.deep.equal({ message: 'Teacher updated for existing course', results: { affectedRows: 1 } });",
                  "err": {},
                  "uuid": "b5d1d772-0ff4-409f-8a00-9f45a6d070d0",
                  "parentUUID": "10413cf5-ca7e-46b1-ac31-02df27013ecd",
                  "isHook": false,
                  "skipped": false
                },
                {
                  "title": "should insert a new assignment if none exists",
                  "fullTitle": "Assigned Course Teacher Controller updateAssignedCourseTeacher should insert a new assignment if none exists",
                  "timedOut": false,
                  "duration": 0,
                  "state": "passed",
                  "speed": "fast",
                  "pass": true,
                  "fail": false,
                  "pending": false,
                  "context": null,
                  "code": "db.query.onCall(0).callsArgWith(2, null, []);\ndb.query.onCall(1).callsArgWith(2, null, { affectedRows: 1 });\nconst result = await updateAssignedCourseTeacher(1, 2);\nexpect(result).to.deep.equal({ message: 'New course-teacher assignment added', results: { affectedRows: 1 } });",
                  "err": {},
                  "uuid": "4a2d4b46-1d01-437b-a23a-536f140ce12e",
                  "parentUUID": "10413cf5-ca7e-46b1-ac31-02df27013ecd",
                  "isHook": false,
                  "skipped": false
                },
                {
                  "title": "should reject with an error if the query fails",
                  "fullTitle": "Assigned Course Teacher Controller updateAssignedCourseTeacher should reject with an error if the query fails",
                  "timedOut": false,
                  "duration": 4,
                  "state": "passed",
                  "speed": "fast",
                  "pass": true,
                  "fail": false,
                  "pending": false,
                  "context": null,
                  "code": "db.query.onCall(0).callsArgWith(2, new Error('Database error'), null);\ntry {\n    await updateAssignedCourseTeacher(1, 2);\n    expect.fail('Expected method to throw an error.');\n} catch (error) {\n    expect(error).to.be.an('error').and.have.property('message', 'Database error');\n}",
                  "err": {},
                  "uuid": "d029c65a-5010-44f3-9d1c-74f0f1ba98a0",
                  "parentUUID": "10413cf5-ca7e-46b1-ac31-02df27013ecd",
                  "isHook": false,
                  "skipped": false
                }
              ],
              "suites": [],
              "passes": [
                "b5d1d772-0ff4-409f-8a00-9f45a6d070d0",
                "4a2d4b46-1d01-437b-a23a-536f140ce12e",
                "d029c65a-5010-44f3-9d1c-74f0f1ba98a0"
              ],
              "failures": [],
              "pending": [],
              "skipped": [],
              "duration": 5,
              "root": false,
              "rootEmpty": false,
              "_timeout": 2000
            }
          ],
          "passes": [],
          "failures": [],
          "pending": [],
          "skipped": [],
          "duration": 0,
          "root": false,
          "rootEmpty": false,
          "_timeout": 2000
        },
        {
          "uuid": "041c9936-2048-4520-8de7-905e7e4fcf6b",
          "title": "Assigned Course Teacher Controller",
          "fullFile": "C:\\Users\\rubay\\Documents\\SWE-Project\\Smart-Class-Routine-Management-System\\SmartClassRoutineManagementSystem\\test\\assignedCourseTeacher.test.js",
          "file": "\\test\\assignedCourseTeacher.test.js",
          "beforeHooks": [
            {
              "title": "\"before each\" hook in \"Assigned Course Teacher Controller\"",
              "fullTitle": "Assigned Course Teacher Controller \"before each\" hook in \"Assigned Course Teacher Controller\"",
              "timedOut": false,
              "duration": 1,
              "state": null,
              "speed": null,
              "pass": false,
              "fail": false,
              "pending": false,
              "context": null,
              "code": "req = {\n    body: { ...inputTestAssignCourseTeacherByTeacher_id.insertAssignedCourseTeacherObject.req.body } // Use input from JSON\n};\nres = {\n    status: sinon.stub().returnsThis(),\n    json: sinon.spy()\n};\nsinon.stub(db, 'query');",
              "err": {},
              "uuid": "bbe7e787-86e5-4dc8-bdf0-d13f9ae32600",
              "parentUUID": "041c9936-2048-4520-8de7-905e7e4fcf6b",
              "isHook": true,
              "skipped": false
            }
          ],
          "afterHooks": [
            {
              "title": "\"after each\" hook in \"Assigned Course Teacher Controller\"",
              "fullTitle": "Assigned Course Teacher Controller \"after each\" hook in \"Assigned Course Teacher Controller\"",
              "timedOut": false,
              "duration": 0,
              "state": null,
              "speed": null,
              "pass": false,
              "fail": false,
              "pending": false,
              "context": null,
              "code": "sinon.restore();",
              "err": {},
              "uuid": "930a5582-ef6b-4e3e-bec7-2f953bae5a1c",
              "parentUUID": "041c9936-2048-4520-8de7-905e7e4fcf6b",
              "isHook": true,
              "skipped": false
            }
          ],
          "tests": [],
          "suites": [
            {
              "uuid": "257c0da1-0ad7-485e-90b6-2f846e88380c",
              "title": "insertAssignedCourseTeacherObject",
              "fullFile": "C:\\Users\\rubay\\Documents\\SWE-Project\\Smart-Class-Routine-Management-System\\SmartClassRoutineManagementSystem\\test\\assignedCourseTeacher.test.js",
              "file": "\\test\\assignedCourseTeacher.test.js",
              "beforeHooks": [],
              "afterHooks": [],
              "tests": [
                {
                  "title": "should successfully insert a new course-teacher assignment",
                  "fullTitle": "Assigned Course Teacher Controller insertAssignedCourseTeacherObject should successfully insert a new course-teacher assignment",
                  "timedOut": false,
                  "duration": 1,
                  "state": "passed",
                  "speed": "fast",
                  "pass": true,
                  "fail": false,
                  "pending": false,
                  "context": null,
                  "code": "db.query.onCall(0).callsArgWith(2, null, []); // No existing assignment\ndb.query.onCall(1).callsArgWith(2, null, { affectedRows: 1 }); // Insert response\nawait insertAssignedCourseTeacherObject(req, res);\nexpect(res.status.calledWith(inputTestAssignCourseTeacherByTeacher_id.insertAssignedCourseTeacherObject.responses.successInsert.status)).to.be.true;\nexpect(res.json.calledWith(sinon.match(inputTestAssignCourseTeacherByTeacher_id.insertAssignedCourseTeacherObject.responses.successInsert.body))).to.be.true;",
                  "err": {},
                  "uuid": "849af2b7-f9e1-4b84-83b4-36263b6bbb83",
                  "parentUUID": "257c0da1-0ad7-485e-90b6-2f846e88380c",
                  "isHook": false,
                  "skipped": false
                },
                {
                  "title": "should not insert a course-teacher assignment if one already exists",
                  "fullTitle": "Assigned Course Teacher Controller insertAssignedCourseTeacherObject should not insert a course-teacher assignment if one already exists",
                  "timedOut": false,
                  "duration": 1,
                  "state": "passed",
                  "speed": "fast",
                  "pass": true,
                  "fail": false,
                  "pending": false,
                  "context": null,
                  "code": "db.query.onCall(0).callsArgWith(2, null, [{ course_id: 1 }]); // Existing assignment\nawait insertAssignedCourseTeacherObject(req, res);\nexpect(res.status.calledWith(inputTestAssignCourseTeacherByTeacher_id.insertAssignedCourseTeacherObject.responses.existingAssignment.status)).to.be.true;\nexpect(res.json.calledWith(sinon.match(inputTestAssignCourseTeacherByTeacher_id.insertAssignedCourseTeacherObject.responses.existingAssignment.body))).to.be.true;",
                  "err": {},
                  "uuid": "a9e8ca87-c9f6-4f4f-8be2-fbadb04be278",
                  "parentUUID": "257c0da1-0ad7-485e-90b6-2f846e88380c",
                  "isHook": false,
                  "skipped": false
                },
                {
                  "title": "should return an error if there is a database error",
                  "fullTitle": "Assigned Course Teacher Controller insertAssignedCourseTeacherObject should return an error if there is a database error",
                  "timedOut": false,
                  "duration": 9,
                  "state": "passed",
                  "speed": "fast",
                  "pass": true,
                  "fail": false,
                  "pending": false,
                  "context": null,
                  "code": "db.query.onCall(0).callsArgWith(2, new Error('Database error'), null);\nawait insertAssignedCourseTeacherObject(req, res);\nexpect(res.status.calledWith(inputTestAssignCourseTeacherByTeacher_id.insertAssignedCourseTeacherObject.responses.databaseError.status)).to.be.true;\nexpect(res.json.calledWith(sinon.match(inputTestAssignCourseTeacherByTeacher_id.insertAssignedCourseTeacherObject.responses.databaseError.body))).to.be.true;",
                  "err": {},
                  "uuid": "5d53ba13-605b-411c-8fb2-0051c5bbea46",
                  "parentUUID": "257c0da1-0ad7-485e-90b6-2f846e88380c",
                  "isHook": false,
                  "skipped": false
                }
              ],
              "suites": [],
              "passes": [
                "849af2b7-f9e1-4b84-83b4-36263b6bbb83",
                "a9e8ca87-c9f6-4f4f-8be2-fbadb04be278",
                "5d53ba13-605b-411c-8fb2-0051c5bbea46"
              ],
              "failures": [],
              "pending": [],
              "skipped": [],
              "duration": 11,
              "root": false,
              "rootEmpty": false,
              "_timeout": 2000
            },
            {
              "uuid": "51197d07-f7d4-4a7d-ba40-f9c0d3dd9030",
              "title": "addAssignedCourseTeacherObject",
              "fullFile": "C:\\Users\\rubay\\Documents\\SWE-Project\\Smart-Class-Routine-Management-System\\SmartClassRoutineManagementSystem\\test\\assignedCourseTeacher.test.js",
              "file": "\\test\\assignedCourseTeacher.test.js",
              "beforeHooks": [],
              "afterHooks": [],
              "tests": [
                {
                  "title": "should add a new course-teacher assignment if none exists",
                  "fullTitle": "Assigned Course Teacher Controller addAssignedCourseTeacherObject should add a new course-teacher assignment if none exists",
                  "timedOut": false,
                  "duration": 4,
                  "state": "passed",
                  "speed": "fast",
                  "pass": true,
                  "fail": false,
                  "pending": false,
                  "context": null,
                  "code": "db.query.onCall(0).callsArgWith(2, null, []); // No existing assignment\ndb.query.onCall(1).callsArgWith(2, null, { affectedRows: 1 }); // Insert response\nconst result = await addAssignedCourseTeacherObject(1, 2023);\nexpect(result).to.deep.equal(inputTestAssignCourseTeacherByTeacher_id.addAssignedCourseTeacherObject.responses.successAdd);",
                  "err": {},
                  "uuid": "576423d0-a74a-4fe2-9325-d6f5f9f51032",
                  "parentUUID": "51197d07-f7d4-4a7d-ba40-f9c0d3dd9030",
                  "isHook": false,
                  "skipped": false
                },
                {
                  "title": "should not add an assignment if it already exists",
                  "fullTitle": "Assigned Course Teacher Controller addAssignedCourseTeacherObject should not add an assignment if it already exists",
                  "timedOut": false,
                  "duration": 2,
                  "state": "passed",
                  "speed": "fast",
                  "pass": true,
                  "fail": false,
                  "pending": false,
                  "context": null,
                  "code": "db.query.onCall(0).callsArgWith(2, null, [{ course_id: 1 }]); // Existing assignment\nconst result = await addAssignedCourseTeacherObject(1, 2023);\nexpect(result).to.deep.equal(inputTestAssignCourseTeacherByTeacher_id.addAssignedCourseTeacherObject.responses.existingAssignment);",
                  "err": {},
                  "uuid": "7537649e-544f-4df4-8bbb-c9a428071b8e",
                  "parentUUID": "51197d07-f7d4-4a7d-ba40-f9c0d3dd9030",
                  "isHook": false,
                  "skipped": false
                },
                {
                  "title": "should reject with an error if the query fails",
                  "fullTitle": "Assigned Course Teacher Controller addAssignedCourseTeacherObject should reject with an error if the query fails",
                  "timedOut": false,
                  "duration": 7,
                  "state": "passed",
                  "speed": "fast",
                  "pass": true,
                  "fail": false,
                  "pending": false,
                  "context": null,
                  "code": "db.query.onCall(0).callsArgWith(2, new Error('Database error'), null);\ntry {\n    await addAssignedCourseTeacherObject(1, 2023);\n    // Fail the test if no error was thrown\n    expect.fail('Expected method to throw an error.');\n} catch (error) {\n    expect(error).to.be.an('error').and.have.property('message', inputTestAssignCourseTeacherByTeacher_id.addAssignedCourseTeacherObject.responses.databaseError.error);\n}",
                  "err": {},
                  "uuid": "e994eeac-b651-4449-a4bd-8a9b51ee67f0",
                  "parentUUID": "51197d07-f7d4-4a7d-ba40-f9c0d3dd9030",
                  "isHook": false,
                  "skipped": false
                }
              ],
              "suites": [],
              "passes": [
                "576423d0-a74a-4fe2-9325-d6f5f9f51032",
                "7537649e-544f-4df4-8bbb-c9a428071b8e",
                "e994eeac-b651-4449-a4bd-8a9b51ee67f0"
              ],
              "failures": [],
              "pending": [],
              "skipped": [],
              "duration": 13,
              "root": false,
              "rootEmpty": false,
              "_timeout": 2000
            }
          ],
          "passes": [],
          "failures": [],
          "pending": [],
          "skipped": [],
          "duration": 0,
          "root": false,
          "rootEmpty": false,
          "_timeout": 2000
        },
        {
          "uuid": "d03ec118-f303-428f-8561-531125391336",
          "title": "Fetch Teachers by exam year id",
          "fullFile": "C:\\Users\\rubay\\Documents\\SWE-Project\\Smart-Class-Routine-Management-System\\SmartClassRoutineManagementSystem\\test\\assignedCourseTeacher.test.js",
          "file": "\\test\\assignedCourseTeacher.test.js",
          "beforeHooks": [
            {
              "title": "\"before each\" hook in \"Fetch Teachers by exam year id\"",
              "fullTitle": "Fetch Teachers by exam year id \"before each\" hook in \"Fetch Teachers by exam year id\"",
              "timedOut": false,
              "duration": 1,
              "state": null,
              "speed": null,
              "pass": false,
              "fail": false,
              "pending": false,
              "context": null,
              "code": "req = {\n    params: { ...fetchTeachersTestData.getAssignedCourseTeachers.req.params } // Use input from JSON\n};\nres = {\n    status: sinon.stub().returnsThis(),\n    json: sinon.spy()\n};\nsinon.stub(db, 'query');",
              "err": {},
              "uuid": "e8f11c7c-3625-4392-aa65-8dbb9c8aa04f",
              "parentUUID": "d03ec118-f303-428f-8561-531125391336",
              "isHook": true,
              "skipped": false
            }
          ],
          "afterHooks": [
            {
              "title": "\"after each\" hook in \"Fetch Teachers by exam year id\"",
              "fullTitle": "Fetch Teachers by exam year id \"after each\" hook in \"Fetch Teachers by exam year id\"",
              "timedOut": false,
              "duration": 0,
              "state": null,
              "speed": null,
              "pass": false,
              "fail": false,
              "pending": false,
              "context": null,
              "code": "sinon.restore();",
              "err": {},
              "uuid": "ca19ba1a-f9d5-4310-85b9-73a24f5d9c78",
              "parentUUID": "d03ec118-f303-428f-8561-531125391336",
              "isHook": true,
              "skipped": false
            }
          ],
          "tests": [],
          "suites": [
            {
              "uuid": "5cc076a0-d256-4438-b573-4279028e3627",
              "title": "getAssignedCourseTeachers",
              "fullFile": "C:\\Users\\rubay\\Documents\\SWE-Project\\Smart-Class-Routine-Management-System\\SmartClassRoutineManagementSystem\\test\\assignedCourseTeacher.test.js",
              "file": "\\test\\assignedCourseTeacher.test.js",
              "beforeHooks": [],
              "afterHooks": [],
              "tests": [
                {
                  "title": "should retrieve assigned course teachers successfully",
                  "fullTitle": "Fetch Teachers by exam year id getAssignedCourseTeachers should retrieve assigned course teachers successfully",
                  "timedOut": false,
                  "duration": 1,
                  "state": "passed",
                  "speed": "fast",
                  "pass": true,
                  "fail": false,
                  "pending": false,
                  "context": null,
                  "code": "const mockResults = fetchTeachersTestData.getAssignedCourseTeachers.responses.success.data;\ndb.query.callsArgWith(2, null, mockResults); // Mock database response\nawait getAssignedCourseTeachers(req, res);\nexpect(res.status.calledWith(fetchTeachersTestData.getAssignedCourseTeachers.responses.success.status)).to.be.true;\nexpect(res.json.calledWith(mockResults)).to.be.true;",
                  "err": {},
                  "uuid": "76d6b479-7458-4944-a418-0b3c4a54bc8e",
                  "parentUUID": "5cc076a0-d256-4438-b573-4279028e3627",
                  "isHook": false,
                  "skipped": false
                },
                {
                  "title": "should handle database errors gracefully",
                  "fullTitle": "Fetch Teachers by exam year id getAssignedCourseTeachers should handle database errors gracefully",
                  "timedOut": false,
                  "duration": 2,
                  "state": "passed",
                  "speed": "fast",
                  "pass": true,
                  "fail": false,
                  "pending": false,
                  "context": null,
                  "code": "const mockError = new Error(fetchTeachersTestData.getAssignedCourseTeachers.responses.databaseError.error);\ndb.query.callsArgWith(2, mockError, null);\nawait getAssignedCourseTeachers(req, res);\nexpect(res.status.calledWith(fetchTeachersTestData.getAssignedCourseTeachers.responses.databaseError.status)).to.be.true;\nexpect(res.json.calledWith(sinon.match({\n    message: fetchTeachersTestData.getAssignedCourseTeachers.responses.databaseError.message,\n    error: mockError\n}))).to.be.true;",
                  "err": {},
                  "uuid": "45c2bc0f-2272-4e5c-9776-238d7a5d6d09",
                  "parentUUID": "5cc076a0-d256-4438-b573-4279028e3627",
                  "isHook": false,
                  "skipped": false
                }
              ],
              "suites": [],
              "passes": [
                "76d6b479-7458-4944-a418-0b3c4a54bc8e",
                "45c2bc0f-2272-4e5c-9776-238d7a5d6d09"
              ],
              "failures": [],
              "pending": [],
              "skipped": [],
              "duration": 3,
              "root": false,
              "rootEmpty": false,
              "_timeout": 2000
            },
            {
              "uuid": "8b025d5b-f24b-4855-a7bd-f6e7afce6a60",
              "title": "getAssignedCourseTeachersByExamYearId",
              "fullFile": "C:\\Users\\rubay\\Documents\\SWE-Project\\Smart-Class-Routine-Management-System\\SmartClassRoutineManagementSystem\\test\\assignedCourseTeacher.test.js",
              "file": "\\test\\assignedCourseTeacher.test.js",
              "beforeHooks": [],
              "afterHooks": [],
              "tests": [
                {
                  "title": "should return assigned course teachers for a given exam year ID",
                  "fullTitle": "Fetch Teachers by exam year id getAssignedCourseTeachersByExamYearId should return assigned course teachers for a given exam year ID",
                  "timedOut": false,
                  "duration": 1,
                  "state": "passed",
                  "speed": "fast",
                  "pass": true,
                  "fail": false,
                  "pending": false,
                  "context": null,
                  "code": "const mockResults = fetchTeachersTestData.getAssignedCourseTeachersByExamYearId.responses.success;\ndb.query.callsArgWith(2, null, mockResults); // Mock database response\nconst result = await getAssignedCourseTeachersByExamYearId(2023);\nexpect(result).to.deep.equal(mockResults);",
                  "err": {},
                  "uuid": "8a781988-3a82-4a4e-b94f-b5582ef4d6b4",
                  "parentUUID": "8b025d5b-f24b-4855-a7bd-f6e7afce6a60",
                  "isHook": false,
                  "skipped": false
                },
                {
                  "title": "should reject with an error if the query fails",
                  "fullTitle": "Fetch Teachers by exam year id getAssignedCourseTeachersByExamYearId should reject with an error if the query fails",
                  "timedOut": false,
                  "duration": 2,
                  "state": "passed",
                  "speed": "fast",
                  "pass": true,
                  "fail": false,
                  "pending": false,
                  "context": null,
                  "code": "const mockError = new Error(fetchTeachersTestData.getAssignedCourseTeachersByExamYearId.responses.databaseError);\ndb.query.callsArgWith(2, mockError, null);\ntry {\n    await getAssignedCourseTeachersByExamYearId(2023);\n    expect.fail('Expected method to throw an error.'); // Fail the test if no error was thrown\n} catch (error) {\n    expect(error).to.be.an('error').and.have.property('message', fetchTeachersTestData.getAssignedCourseTeachersByExamYearId.responses.databaseError);\n}",
                  "err": {},
                  "uuid": "e337fd7a-0cd9-446f-8881-01ac1437f7f8",
                  "parentUUID": "8b025d5b-f24b-4855-a7bd-f6e7afce6a60",
                  "isHook": false,
                  "skipped": false
                }
              ],
              "suites": [],
              "passes": [
                "8a781988-3a82-4a4e-b94f-b5582ef4d6b4",
                "e337fd7a-0cd9-446f-8881-01ac1437f7f8"
              ],
              "failures": [],
              "pending": [],
              "skipped": [],
              "duration": 3,
              "root": false,
              "rootEmpty": false,
              "_timeout": 2000
            }
          ],
          "passes": [],
          "failures": [],
          "pending": [],
          "skipped": [],
          "duration": 0,
          "root": false,
          "rootEmpty": false,
          "_timeout": 2000
        },
        {
          "uuid": "3351bfbc-eb95-48c9-8be6-27faff9c8adb",
          "title": "Courses Controller",
          "fullFile": "C:\\Users\\rubay\\Documents\\SWE-Project\\Smart-Class-Routine-Management-System\\SmartClassRoutineManagementSystem\\test\\assignedCourseTeacher.test.js",
          "file": "\\test\\assignedCourseTeacher.test.js",
          "beforeHooks": [
            {
              "title": "\"before each\" hook in \"Courses Controller\"",
              "fullTitle": "Courses Controller \"before each\" hook in \"Courses Controller\"",
              "timedOut": false,
              "duration": 0,
              "state": null,
              "speed": null,
              "pass": false,
              "fail": false,
              "pending": false,
              "context": null,
              "code": "req = {\n    params: { ...coursesControllerTestData.fetchCoursesByExamYearId.req.params } // Use request parameters from JSON\n};\nres = {\n    status: sinon.stub().returnsThis(),\n    json: sinon.spy()\n};\nsinon.stub(db, 'query');",
              "err": {},
              "uuid": "b354ba6b-5b37-4f3b-a754-24d11799ddd5",
              "parentUUID": "3351bfbc-eb95-48c9-8be6-27faff9c8adb",
              "isHook": true,
              "skipped": false
            }
          ],
          "afterHooks": [
            {
              "title": "\"after each\" hook in \"Courses Controller\"",
              "fullTitle": "Courses Controller \"after each\" hook in \"Courses Controller\"",
              "timedOut": false,
              "duration": 0,
              "state": null,
              "speed": null,
              "pass": false,
              "fail": false,
              "pending": false,
              "context": null,
              "code": "sinon.restore();",
              "err": {},
              "uuid": "6fb779c0-1ce5-4a6b-b727-667842873d6d",
              "parentUUID": "3351bfbc-eb95-48c9-8be6-27faff9c8adb",
              "isHook": true,
              "skipped": false
            }
          ],
          "tests": [],
          "suites": [
            {
              "uuid": "528b9758-6b18-402d-a71c-e18cf912eed7",
              "title": "fetchCoursesByExamYearId",
              "fullFile": "C:\\Users\\rubay\\Documents\\SWE-Project\\Smart-Class-Routine-Management-System\\SmartClassRoutineManagementSystem\\test\\assignedCourseTeacher.test.js",
              "file": "\\test\\assignedCourseTeacher.test.js",
              "beforeHooks": [],
              "afterHooks": [],
              "tests": [
                {
                  "title": "should fetch courses assigned to teachers successfully",
                  "fullTitle": "Courses Controller fetchCoursesByExamYearId should fetch courses assigned to teachers successfully",
                  "timedOut": false,
                  "duration": 1,
                  "state": "passed",
                  "speed": "fast",
                  "pass": true,
                  "fail": false,
                  "pending": false,
                  "context": null,
                  "code": "const mockResults = coursesControllerTestData.fetchCoursesByExamYearId.responses.success.data;\ndb.query.callsArgWith(2, null, mockResults); // Mock database response\nawait fetchCoursesByExamYearId(req, res);\nexpect(res.status.calledWith(coursesControllerTestData.fetchCoursesByExamYearId.responses.success.status)).to.be.true;\nexpect(res.json.calledWith(mockResults)).to.be.true;",
                  "err": {},
                  "uuid": "30ca415d-df6d-4219-a06a-e5c80abbfed7",
                  "parentUUID": "528b9758-6b18-402d-a71c-e18cf912eed7",
                  "isHook": false,
                  "skipped": false
                },
                {
                  "title": "should handle database errors gracefully",
                  "fullTitle": "Courses Controller fetchCoursesByExamYearId should handle database errors gracefully",
                  "timedOut": false,
                  "duration": 9,
                  "state": "passed",
                  "speed": "fast",
                  "pass": true,
                  "fail": false,
                  "pending": false,
                  "context": null,
                  "code": "const mockError = new Error(coursesControllerTestData.fetchCoursesByExamYearId.responses.databaseError.error);\ndb.query.callsArgWith(2, mockError, null);\nawait fetchCoursesByExamYearId(req, res);\nexpect(res.status.calledWith(coursesControllerTestData.fetchCoursesByExamYearId.responses.databaseError.status)).to.be.true;\nexpect(res.json.calledWith(sinon.match({\n    message: coursesControllerTestData.fetchCoursesByExamYearId.responses.databaseError.message,\n    error: mockError\n}))).to.be.true;",
                  "err": {},
                  "uuid": "07d55075-0c22-4551-877e-96bcf935868a",
                  "parentUUID": "528b9758-6b18-402d-a71c-e18cf912eed7",
                  "isHook": false,
                  "skipped": false
                }
              ],
              "suites": [],
              "passes": [
                "30ca415d-df6d-4219-a06a-e5c80abbfed7",
                "07d55075-0c22-4551-877e-96bcf935868a"
              ],
              "failures": [],
              "pending": [],
              "skipped": [],
              "duration": 10,
              "root": false,
              "rootEmpty": false,
              "_timeout": 2000
            },
            {
              "uuid": "791766fd-99ca-4de7-b896-86df0e6ca63a",
              "title": "getCoursesByExamYearId",
              "fullFile": "C:\\Users\\rubay\\Documents\\SWE-Project\\Smart-Class-Routine-Management-System\\SmartClassRoutineManagementSystem\\test\\assignedCourseTeacher.test.js",
              "file": "\\test\\assignedCourseTeacher.test.js",
              "beforeHooks": [],
              "afterHooks": [],
              "tests": [
                {
                  "title": "should return course details for a given exam year ID",
                  "fullTitle": "Courses Controller getCoursesByExamYearId should return course details for a given exam year ID",
                  "timedOut": false,
                  "duration": 0,
                  "state": "passed",
                  "speed": "fast",
                  "pass": true,
                  "fail": false,
                  "pending": false,
                  "context": null,
                  "code": "const mockResults = coursesControllerTestData.getCoursesByExamYearId.responses.success;\ndb.query.callsArgWith(2, null, mockResults); // Mock database response\nconst result = await getCoursesByExamYearId(2023);\nexpect(result).to.deep.equal(mockResults);",
                  "err": {},
                  "uuid": "719e0d1a-9410-42b3-9b99-92b4e7c3bad1",
                  "parentUUID": "791766fd-99ca-4de7-b896-86df0e6ca63a",
                  "isHook": false,
                  "skipped": false
                },
                {
                  "title": "should reject with an error if the query fails",
                  "fullTitle": "Courses Controller getCoursesByExamYearId should reject with an error if the query fails",
                  "timedOut": false,
                  "duration": 3,
                  "state": "passed",
                  "speed": "fast",
                  "pass": true,
                  "fail": false,
                  "pending": false,
                  "context": null,
                  "code": "const mockError = new Error(coursesControllerTestData.getCoursesByExamYearId.responses.databaseError);\ndb.query.callsArgWith(2, mockError, null);\ntry {\n    await getCoursesByExamYearId(2023);\n    expect.fail('Expected method to throw an error.'); // Fail the test if no error was thrown\n} catch (error) {\n    expect(error).to.be.an('error').and.have.property('message', coursesControllerTestData.getCoursesByExamYearId.responses.databaseError);\n}",
                  "err": {},
                  "uuid": "f2814c48-1ed9-4576-a8ae-7d7743016a0e",
                  "parentUUID": "791766fd-99ca-4de7-b896-86df0e6ca63a",
                  "isHook": false,
                  "skipped": false
                }
              ],
              "suites": [],
              "passes": [
                "719e0d1a-9410-42b3-9b99-92b4e7c3bad1",
                "f2814c48-1ed9-4576-a8ae-7d7743016a0e"
              ],
              "failures": [],
              "pending": [],
              "skipped": [],
              "duration": 3,
              "root": false,
              "rootEmpty": false,
              "_timeout": 2000
            }
          ],
          "passes": [],
          "failures": [],
          "pending": [],
          "skipped": [],
          "duration": 0,
          "root": false,
          "rootEmpty": false,
          "_timeout": 2000
        },
        {
          "uuid": "2f22595f-808f-4ece-acde-382767b5f1b6",
          "title": "CSV Course-Teacher Assignment",
          "fullFile": "C:\\Users\\rubay\\Documents\\SWE-Project\\Smart-Class-Routine-Management-System\\SmartClassRoutineManagementSystem\\test\\assignedCourseTeacher.test.js",
          "file": "\\test\\assignedCourseTeacher.test.js",
          "beforeHooks": [
            {
              "title": "\"before each\" hook in \"CSV Course-Teacher Assignment\"",
              "fullTitle": "CSV Course-Teacher Assignment \"before each\" hook in \"CSV Course-Teacher Assignment\"",
              "timedOut": false,
              "duration": 0,
              "state": null,
              "speed": null,
              "pass": false,
              "fail": false,
              "pending": false,
              "context": null,
              "code": "req = {\n    body: {\n        csvData: testData.csvData\n    }\n};\n\nres = {\n    status: sinon.stub().returnsThis(),\n    json: sinon.spy()\n};\nsinon.stub(db, 'query');",
              "err": {},
              "uuid": "027ccd32-23a4-4f3b-a488-cc28a77965f3",
              "parentUUID": "2f22595f-808f-4ece-acde-382767b5f1b6",
              "isHook": true,
              "skipped": false
            }
          ],
          "afterHooks": [
            {
              "title": "\"after each\" hook in \"CSV Course-Teacher Assignment\"",
              "fullTitle": "CSV Course-Teacher Assignment \"after each\" hook in \"CSV Course-Teacher Assignment\"",
              "timedOut": false,
              "duration": 0,
              "state": null,
              "speed": null,
              "pass": false,
              "fail": false,
              "pending": false,
              "context": null,
              "code": "sinon.restore();",
              "err": {},
              "uuid": "b6e44c43-e444-4303-9a02-ba49954e72e3",
              "parentUUID": "2f22595f-808f-4ece-acde-382767b5f1b6",
              "isHook": true,
              "skipped": false
            }
          ],
          "tests": [],
          "suites": [
            {
              "uuid": "464b1c54-7331-46da-856f-2cb5da57906a",
              "title": "uploadCSVAssignedCourseTeacher",
              "fullFile": "C:\\Users\\rubay\\Documents\\SWE-Project\\Smart-Class-Routine-Management-System\\SmartClassRoutineManagementSystem\\test\\assignedCourseTeacher.test.js",
              "file": "\\test\\assignedCourseTeacher.test.js",
              "beforeHooks": [],
              "afterHooks": [],
              "tests": [
                {
                  "title": "should process and respond with success for all records",
                  "fullTitle": "CSV Course-Teacher Assignment uploadCSVAssignedCourseTeacher should process and respond with success for all records",
                  "timedOut": false,
                  "duration": 4,
                  "state": "passed",
                  "speed": "fast",
                  "pass": true,
                  "fail": false,
                  "pending": false,
                  "context": null,
                  "code": "db.query\n    .onFirstCall().callsArgWith(2, null, []) // First record - no existing course, insert\n    .onSecondCall().callsArgWith(2, null, []) // Second record - no existing course, insert\n    .onThirdCall().callsArgWith(2, null, []) // Third record - no existing course, insert\n    .onCall(3).callsArgWith(2, null, { affectedRows: 1 }) // Insert success for first record\n    .onCall(4).callsArgWith(2, null, { affectedRows: 1 }) // Insert success for second record\n    .onCall(5).callsArgWith(2, null, { affectedRows: 1 }); // Insert success for third record\nawait uploadCSVAssignedCourseTeacher(req, res);\nexpect(res.status.calledWith(200)).to.be.true;\nexpect(res.json.calledWith(sinon.match({ message: 'All records processed successfully' }))).to.be.true;",
                  "err": {},
                  "uuid": "ca49534b-532b-4232-b81b-4ee52216260d",
                  "parentUUID": "464b1c54-7331-46da-856f-2cb5da57906a",
                  "isHook": false,
                  "skipped": false
                },
                {
                  "title": "should handle errors and respond with failure",
                  "fullTitle": "CSV Course-Teacher Assignment uploadCSVAssignedCourseTeacher should handle errors and respond with failure",
                  "timedOut": false,
                  "duration": 7,
                  "state": "passed",
                  "speed": "fast",
                  "pass": true,
                  "fail": false,
                  "pending": false,
                  "context": null,
                  "code": "const mockError = new Error('Database error');\ndb.query.callsArgWith(2, mockError);\nreq.body.csvData = testData.errorData;\nawait uploadCSVAssignedCourseTeacher(req, res);\nexpect(res.status.calledWith(500)).to.be.true;\nexpect(res.json.calledWith(sinon.match({ message: 'Error processing records' }))).to.be.true;",
                  "err": {},
                  "uuid": "98403b95-cec5-4da5-9180-29540cd7a7e2",
                  "parentUUID": "464b1c54-7331-46da-856f-2cb5da57906a",
                  "isHook": false,
                  "skipped": false
                }
              ],
              "suites": [],
              "passes": [
                "ca49534b-532b-4232-b81b-4ee52216260d",
                "98403b95-cec5-4da5-9180-29540cd7a7e2"
              ],
              "failures": [],
              "pending": [],
              "skipped": [],
              "duration": 11,
              "root": false,
              "rootEmpty": false,
              "_timeout": 2000
            },
            {
              "uuid": "c2db486e-64ee-4212-9a1d-eb2bff626fdd",
              "title": "uploadCSVAssignedCourseTeacherModel",
              "fullFile": "C:\\Users\\rubay\\Documents\\SWE-Project\\Smart-Class-Routine-Management-System\\SmartClassRoutineManagementSystem\\test\\assignedCourseTeacher.test.js",
              "file": "\\test\\assignedCourseTeacher.test.js",
              "beforeHooks": [],
              "afterHooks": [],
              "tests": [
                {
                  "title": "should insert a new course-teacher assignment if no existing record",
                  "fullTitle": "CSV Course-Teacher Assignment uploadCSVAssignedCourseTeacherModel should insert a new course-teacher assignment if no existing record",
                  "timedOut": false,
                  "duration": 0,
                  "state": "passed",
                  "speed": "fast",
                  "pass": true,
                  "fail": false,
                  "pending": false,
                  "context": null,
                  "code": "db.query\n    .onFirstCall().callsArgWith(2, null, []) // No existing record found\n    .onSecondCall().callsArgWith(2, null, { affectedRows: 1 }); // Insert successful\nconst result = await uploadCSVAssignedCourseTeacherModel(1, 3);\nexpect(result).to.deep.equal({ message: 'New course-teacher assignment added', results: { affectedRows: 1 } });",
                  "err": {},
                  "uuid": "140e9ded-87cc-482b-b7a1-75ebee7d199f",
                  "parentUUID": "c2db486e-64ee-4212-9a1d-eb2bff626fdd",
                  "isHook": false,
                  "skipped": false
                },
                {
                  "title": "should update existing course-teacher assignment if record exists",
                  "fullTitle": "CSV Course-Teacher Assignment uploadCSVAssignedCourseTeacherModel should update existing course-teacher assignment if record exists",
                  "timedOut": false,
                  "duration": 0,
                  "state": "passed",
                  "speed": "fast",
                  "pass": true,
                  "fail": false,
                  "pending": false,
                  "context": null,
                  "code": "db.query\n    .onFirstCall().callsArgWith(2, null, [{ course_id: 1, teacher_id: 2 }]) // Existing record found\n    .onSecondCall().callsArgWith(2, null, { affectedRows: 1 }); // Update successful\nconst result = await uploadCSVAssignedCourseTeacherModel(1, 3);\nexpect(result).to.deep.equal({ message: 'Teacher updated for existing course', results: { affectedRows: 1 } });",
                  "err": {},
                  "uuid": "4908dee6-68aa-49f5-8f40-dd8111865f08",
                  "parentUUID": "c2db486e-64ee-4212-9a1d-eb2bff626fdd",
                  "isHook": false,
                  "skipped": false
                },
                {
                  "title": "should handle errors during insert operation",
                  "fullTitle": "CSV Course-Teacher Assignment uploadCSVAssignedCourseTeacherModel should handle errors during insert operation",
                  "timedOut": false,
                  "duration": 2,
                  "state": "passed",
                  "speed": "fast",
                  "pass": true,
                  "fail": false,
                  "pending": false,
                  "context": null,
                  "code": "const mockError = new Error('Insert error');\ndb.query.onFirstCall().callsArgWith(2, null, []).onSecondCall().callsArgWith(2, mockError);\ntry {\n    await uploadCSVAssignedCourseTeacherModel(1, 3);\n    expect.fail('Expected method to throw an error.');\n} catch (error) {\n    expect(error).to.be.an('error').and.have.property('message', 'Insert error');\n}",
                  "err": {},
                  "uuid": "a3c949fa-59d9-4a24-9918-c3dea3ecb376",
                  "parentUUID": "c2db486e-64ee-4212-9a1d-eb2bff626fdd",
                  "isHook": false,
                  "skipped": false
                },
                {
                  "title": "should handle errors during update operation",
                  "fullTitle": "CSV Course-Teacher Assignment uploadCSVAssignedCourseTeacherModel should handle errors during update operation",
                  "timedOut": false,
                  "duration": 2,
                  "state": "passed",
                  "speed": "fast",
                  "pass": true,
                  "fail": false,
                  "pending": false,
                  "context": null,
                  "code": "const mockError = new Error('Update error');\ndb.query.onFirstCall().callsArgWith(2, null, [{ course_id: 1, teacher_id: 2 }]).onSecondCall().callsArgWith(2, mockError);\ntry {\n    await uploadCSVAssignedCourseTeacherModel(1, 3);\n    expect.fail('Expected method to throw an error.');\n} catch (error) {\n    expect(error).to.be.an('error').and.have.property('message', 'Update error');\n}",
                  "err": {},
                  "uuid": "de47a323-eadc-4124-bf7d-3c6c73f223af",
                  "parentUUID": "c2db486e-64ee-4212-9a1d-eb2bff626fdd",
                  "isHook": false,
                  "skipped": false
                }
              ],
              "suites": [],
              "passes": [
                "140e9ded-87cc-482b-b7a1-75ebee7d199f",
                "4908dee6-68aa-49f5-8f40-dd8111865f08",
                "a3c949fa-59d9-4a24-9918-c3dea3ecb376",
                "de47a323-eadc-4124-bf7d-3c6c73f223af"
              ],
              "failures": [],
              "pending": [],
              "skipped": [],
              "duration": 4,
              "root": false,
              "rootEmpty": false,
              "_timeout": 2000
            }
          ],
          "passes": [],
          "failures": [],
          "pending": [],
          "skipped": [],
          "duration": 0,
          "root": false,
          "rootEmpty": false,
          "_timeout": 2000
        },
        {
          "uuid": "d69fad5f-2450-4383-b148-3c126491d99f",
          "title": "classRepresentativeController",
          "fullFile": "C:\\Users\\rubay\\Documents\\SWE-Project\\Smart-Class-Routine-Management-System\\SmartClassRoutineManagementSystem\\test\\classRepresentativeController.test.js",
          "file": "\\test\\classRepresentativeController.test.js",
          "beforeHooks": [],
          "afterHooks": [
            {
              "title": "\"after each\" hook in \"classRepresentativeController\"",
              "fullTitle": "classRepresentativeController \"after each\" hook in \"classRepresentativeController\"",
              "timedOut": false,
              "duration": 0,
              "state": null,
              "speed": null,
              "pass": false,
              "fail": false,
              "pending": false,
              "context": null,
              "code": "sinon.restore();",
              "err": {},
              "uuid": "6e8ecb49-dd8e-4952-aaf0-6638954fe807",
              "parentUUID": "d69fad5f-2450-4383-b148-3c126491d99f",
              "isHook": true,
              "skipped": false
            }
          ],
          "tests": [],
          "suites": [
            {
              "uuid": "e892115f-dcdd-428e-9cff-4ef18e5888d8",
              "title": "fetchClassRepresentativeByExamYearId",
              "fullFile": "C:\\Users\\rubay\\Documents\\SWE-Project\\Smart-Class-Routine-Management-System\\SmartClassRoutineManagementSystem\\test\\classRepresentativeController.test.js",
              "file": "\\test\\classRepresentativeController.test.js",
              "beforeHooks": [],
              "afterHooks": [],
              "tests": [
                {
                  "title": "should return class representative data when found",
                  "fullTitle": "classRepresentativeController fetchClassRepresentativeByExamYearId should return class representative data when found",
                  "timedOut": false,
                  "duration": 7,
                  "state": "failed",
                  "speed": null,
                  "pass": false,
                  "fail": true,
                  "pending": false,
                  "context": null,
                  "code": "const req = { params: { exam_year_id: 1 } };\nconst res = mockRes();\nconst sampleData = [{ cr_id: 2, student_id: 1, role: 'Male', exam_year_id: 1 }];\nsinon.stub(classRepresentativeModel, 'getClassRepresentativeByExamYearId').resolves(sampleData);\nawait fetchClassRepresentativeByExamYearId(req, res);\nexpect(res.status.called).to.be.false; // 200 OK\nexpect(res.json.calledOnce).to.be.true;\nexpect(res.json.firstCall.args[0]).to.deep.equal(sampleData); // Match data structure exactly",
                  "err": {
                    "message": "AssertionError: expected [ RowDataPacket{ cr_id: 1, …(2) } ] to deeply equal [ { cr_id: 2, student_id: 1, …(2) } ]",
                    "estack": "AssertionError: expected [ RowDataPacket{ cr_id: 1, …(2) } ] to deeply equal [ { cr_id: 2, student_id: 1, …(2) } ]\n    at Context.<anonymous> (test\\classRepresentativeController.test.js:32:56)\n    at process.processTicksAndRejections (node:internal/process/task_queues:95:5)",
                    "diff": " [\n   {\n-     \"cr_id\": 1\n+     \"cr_id\": 2\n     \"exam_year_id\": 1\n+     \"role\": \"Male\"\n     \"student_id\": 1\n   }\n ]\n"
                  },
                  "uuid": "0193644a-6a5f-4f20-bee6-de6687ca9206",
                  "parentUUID": "e892115f-dcdd-428e-9cff-4ef18e5888d8",
                  "isHook": false,
                  "skipped": false
                },
                {
                  "title": "should return a 404 error if no class representative is found",
                  "fullTitle": "classRepresentativeController fetchClassRepresentativeByExamYearId should return a 404 error if no class representative is found",
                  "timedOut": false,
                  "duration": 1,
                  "state": "passed",
                  "speed": "fast",
                  "pass": true,
                  "fail": false,
                  "pending": false,
                  "context": null,
                  "code": "const req = { params: { exam_year_id: 5 } };\nconst res = mockRes();\nsinon.stub(classRepresentativeModel, 'getClassRepresentativeByExamYearId').resolves([]);\nawait fetchClassRepresentativeByExamYearId(req, res);\nexpect(res.status.calledWith(404)).to.be.true;\nexpect(res.json.calledWith({ error: 'Class Representative not found' })).to.be.true;",
                  "err": {},
                  "uuid": "76309808-397a-41ca-b996-688c6fc48736",
                  "parentUUID": "e892115f-dcdd-428e-9cff-4ef18e5888d8",
                  "isHook": false,
                  "skipped": false
                }
              ],
              "suites": [],
              "passes": [
                "76309808-397a-41ca-b996-688c6fc48736"
              ],
              "failures": [
                "0193644a-6a5f-4f20-bee6-de6687ca9206"
              ],
              "pending": [],
              "skipped": [],
              "duration": 8,
              "root": false,
              "rootEmpty": false,
              "_timeout": 2000
            }
          ],
          "passes": [],
          "failures": [],
          "pending": [],
          "skipped": [],
          "duration": 0,
          "root": false,
          "rootEmpty": false,
          "_timeout": 2000
        }
      ],
      "passes": [],
      "failures": [],
      "pending": [],
      "skipped": [],
      "duration": 0,
      "root": true,
      "rootEmpty": true,
      "_timeout": 2000
    }
  ],
  "meta": {
    "mocha": {
      "version": "10.8.2"
    },
    "mochawesome": {
      "options": {
        "quiet": false,
        "reportFilename": "mochawesome",
        "saveHtml": true,
        "saveJson": true,
        "consoleReporter": "spec",
        "useInlineDiffs": false,
        "code": true
      },
      "version": "7.1.3"
    },
    "marge": {
      "options": null,
      "version": "6.2.0"
    }
  }
}