{
  "stats": {
    "suites": 2,
    "tests": 5,
    "passes": 5,
    "pending": 0,
    "failures": 0,
    "start": "2024-11-02T11:27:07.505Z",
    "end": "2024-11-02T11:27:07.568Z",
    "duration": 63,
    "testsRegistered": 5,
    "passPercent": 100,
    "pendingPercent": 0,
    "other": 0,
    "hasOther": false,
    "skipped": 0,
    "hasSkipped": false
  },
  "results": [
    {
      "uuid": "67818f70-b12a-4550-8200-f2854c22e02f",
      "title": "",
      "fullFile": "",
      "file": "",
      "beforeHooks": [],
      "afterHooks": [],
      "tests": [],
      "suites": [
        {
          "uuid": "2cb38ceb-fdb3-450b-8c2b-5b14b33efd60",
          "title": "createClassRepresentativeTable",
          "fullFile": "F:\\SCRMS\\Smart-Class-Routine-Management-System\\SmartClassRoutineManagementSystem\\test\\classRepresentativeController.test.js",
          "file": "\\test\\classRepresentativeController.test.js",
          "beforeHooks": [
            {
              "title": "\"before each\" hook in \"createClassRepresentativeTable\"",
              "fullTitle": "createClassRepresentativeTable \"before each\" hook in \"createClassRepresentativeTable\"",
              "timedOut": false,
              "duration": 0,
              "state": null,
              "speed": null,
              "pass": false,
              "fail": false,
              "pending": false,
              "context": null,
              "code": "queryStub = sinon.stub(db, 'query');",
              "err": {},
              "uuid": "e3287ce9-880c-48af-b008-5847507d2629",
              "parentUUID": "2cb38ceb-fdb3-450b-8c2b-5b14b33efd60",
              "isHook": true,
              "skipped": false
            }
          ],
          "afterHooks": [
            {
              "title": "\"after each\" hook in \"createClassRepresentativeTable\"",
              "fullTitle": "createClassRepresentativeTable \"after each\" hook in \"createClassRepresentativeTable\"",
              "timedOut": false,
              "duration": 0,
              "state": null,
              "speed": null,
              "pass": false,
              "fail": false,
              "pending": false,
              "context": null,
              "code": "queryStub.restore();",
              "err": {},
              "uuid": "496e6b1e-bd76-4e34-87d8-42c6f2aa3715",
              "parentUUID": "2cb38ceb-fdb3-450b-8c2b-5b14b33efd60",
              "isHook": true,
              "skipped": false
            }
          ],
          "tests": [
            {
              "title": "should execute the query to create the ClassRepresentative table",
              "fullTitle": "createClassRepresentativeTable should execute the query to create the ClassRepresentative table",
              "timedOut": false,
              "duration": 5,
              "state": "passed",
              "speed": "fast",
              "pass": true,
              "fail": false,
              "pending": false,
              "context": null,
              "code": "// Simulate successful execution by calling the callback with no error\nqueryStub.callsFake((query, callback) => {\n    callback(null, { message: 'Success' });\n});\n// Call the function\ncreateClassRepresentativeTable();\n// Assertions\nexpect(queryStub.calledOnce).to.be.true;\nexpect(queryStub.firstCall.args[0]).to.include('CREATE TABLE IF NOT EXISTS ClassRepresentative');\n\ndone();",
              "err": {},
              "uuid": "3e280b8d-1b3d-40fe-a97b-91aa9ef158d5",
              "parentUUID": "2cb38ceb-fdb3-450b-8c2b-5b14b33efd60",
              "isHook": false,
              "skipped": false
            },
            {
              "title": "should handle an error during table creation",
              "fullTitle": "createClassRepresentativeTable should handle an error during table creation",
              "timedOut": false,
              "duration": 9,
              "state": "passed",
              "speed": "fast",
              "pass": true,
              "fail": false,
              "pending": false,
              "context": null,
              "code": "// Simulate an error\nconst error = new Error('Database error');\nqueryStub.callsFake((query, callback) => {\n    callback(error);\n});\ntry {\n    createClassRepresentativeTable();\n} catch (err) {\n    // Assertions\n    expect(err).to.equal(error);\n    expect(queryStub.calledOnce).to.be.true;\n    expect(queryStub.firstCall.args[0]).to.include('CREATE TABLE IF NOT EXISTS ClassRepresentative');\n}\n\ndone();",
              "err": {},
              "uuid": "40e627da-655c-478a-a126-9bc7d71b0f66",
              "parentUUID": "2cb38ceb-fdb3-450b-8c2b-5b14b33efd60",
              "isHook": false,
              "skipped": false
            }
          ],
          "suites": [],
          "passes": [
            "3e280b8d-1b3d-40fe-a97b-91aa9ef158d5",
            "40e627da-655c-478a-a126-9bc7d71b0f66"
          ],
          "failures": [],
          "pending": [],
          "skipped": [],
          "duration": 14,
          "root": false,
          "rootEmpty": false,
          "_timeout": 2000
        },
        {
          "uuid": "7493a11d-f320-4c2f-a628-7789b4e19474",
          "title": "fetchClassRepresentativeByExamYearId",
          "fullFile": "F:\\SCRMS\\Smart-Class-Routine-Management-System\\SmartClassRoutineManagementSystem\\test\\classRepresentativeController.test.js",
          "file": "\\test\\classRepresentativeController.test.js",
          "beforeHooks": [
            {
              "title": "\"before each\" hook in \"fetchClassRepresentativeByExamYearId\"",
              "fullTitle": "fetchClassRepresentativeByExamYearId \"before each\" hook in \"fetchClassRepresentativeByExamYearId\"",
              "timedOut": false,
              "duration": 0,
              "state": null,
              "speed": null,
              "pass": false,
              "fail": false,
              "pending": false,
              "context": null,
              "code": "req = {\n    params: {\n        exam_year_id: 2024 // Example exam year ID\n    }\n};\nres = {\n    json: sinon.spy(),\n    status: sinon.stub().returnsThis()\n};\nqueryStub = sinon.stub(db, 'query'); // Stub the db.query method",
              "err": {},
              "uuid": "8e014516-d2c5-4c6a-81c5-2da0346a2366",
              "parentUUID": "7493a11d-f320-4c2f-a628-7789b4e19474",
              "isHook": true,
              "skipped": false
            }
          ],
          "afterHooks": [
            {
              "title": "\"after each\" hook in \"fetchClassRepresentativeByExamYearId\"",
              "fullTitle": "fetchClassRepresentativeByExamYearId \"after each\" hook in \"fetchClassRepresentativeByExamYearId\"",
              "timedOut": false,
              "duration": 0,
              "state": null,
              "speed": null,
              "pass": false,
              "fail": false,
              "pending": false,
              "context": null,
              "code": "queryStub.restore();",
              "err": {},
              "uuid": "35890151-c333-4275-9805-b36bb64087f1",
              "parentUUID": "7493a11d-f320-4c2f-a628-7789b4e19474",
              "isHook": true,
              "skipped": false
            }
          ],
          "tests": [
            {
              "title": "should return class representative data when found",
              "fullTitle": "fetchClassRepresentativeByExamYearId should return class representative data when found",
              "timedOut": false,
              "duration": 6,
              "state": "passed",
              "speed": "fast",
              "pass": true,
              "fail": false,
              "pending": false,
              "context": null,
              "code": "// Arrange: Simulate successful database response\nconst mockResults = [{ id: 1, name: 'John Doe', exam_year_id: 2024 }];\nqueryStub.callsFake((query, params, callback) => {\n    callback(null, mockResults);\n});\n// Act: Call the function\nawait fetchClassRepresentativeByExamYearId(req, res);\n// Assert: Check that the response is correct\nexpect(res.json.calledOnce).to.be.true;\nexpect(res.json.firstCall.args[0]).to.deep.equal(mockResults);",
              "err": {},
              "uuid": "60af22f6-3005-40c9-a174-9d84a8a90826",
              "parentUUID": "7493a11d-f320-4c2f-a628-7789b4e19474",
              "isHook": false,
              "skipped": false
            },
            {
              "title": "should return 404 when no class representative is found",
              "fullTitle": "fetchClassRepresentativeByExamYearId should return 404 when no class representative is found",
              "timedOut": false,
              "duration": 1,
              "state": "passed",
              "speed": "fast",
              "pass": true,
              "fail": false,
              "pending": false,
              "context": null,
              "code": "// Arrange: Simulate an empty database response\nqueryStub.callsFake((query, params, callback) => {\n    callback(null, []);\n});\n// Act: Call the function\nawait fetchClassRepresentativeByExamYearId(req, res);\n// Assert: Check that a 404 response is sent\nexpect(res.status.calledOnce).to.be.true;\nexpect(res.status.firstCall.args[0]).to.equal(404);\nexpect(res.json.calledOnce).to.be.true;\nexpect(res.json.firstCall.args[0]).to.deep.equal({ error: 'Class Representative not found' });",
              "err": {},
              "uuid": "38d6c529-9587-4f79-ac0a-563a71bdf5a9",
              "parentUUID": "7493a11d-f320-4c2f-a628-7789b4e19474",
              "isHook": false,
              "skipped": false
            },
            {
              "title": "should return 500 when there is a database error",
              "fullTitle": "fetchClassRepresentativeByExamYearId should return 500 when there is a database error",
              "timedOut": false,
              "duration": 10,
              "state": "passed",
              "speed": "fast",
              "pass": true,
              "fail": false,
              "pending": false,
              "context": null,
              "code": "// Arrange: Simulate a database error\nconst dbError = new Error('Database error');\nqueryStub.callsFake((query, params, callback) => {\n    callback(dbError);\n});\n// Act: Call the function\nawait fetchClassRepresentativeByExamYearId(req, res);\n// Assert: Check that a 500 response is sent\nexpect(res.status.calledOnce).to.be.true;\nexpect(res.status.firstCall.args[0]).to.equal(500);\nexpect(res.json.calledOnce).to.be.true;\nexpect(res.json.firstCall.args[0]).to.deep.equal({ error: 'Database error' });",
              "err": {},
              "uuid": "045cc8fb-d183-46c3-b2e5-6fa1050558a0",
              "parentUUID": "7493a11d-f320-4c2f-a628-7789b4e19474",
              "isHook": false,
              "skipped": false
            }
          ],
          "suites": [],
          "passes": [
            "60af22f6-3005-40c9-a174-9d84a8a90826",
            "38d6c529-9587-4f79-ac0a-563a71bdf5a9",
            "045cc8fb-d183-46c3-b2e5-6fa1050558a0"
          ],
          "failures": [],
          "pending": [],
          "skipped": [],
          "duration": 17,
          "root": false,
          "rootEmpty": false,
          "_timeout": 2000
        }
      ],
      "passes": [],
      "failures": [],
      "pending": [],
      "skipped": [],
      "duration": 0,
      "root": true,
      "rootEmpty": true,
      "_timeout": 2000
    }
  ],
  "meta": {
    "mocha": {
      "version": "10.8.2"
    },
    "mochawesome": {
      "options": {
        "quiet": false,
        "reportFilename": "mochawesome",
        "saveHtml": true,
        "saveJson": true,
        "consoleReporter": "spec",
        "useInlineDiffs": false,
        "code": true
      },
      "version": "7.1.3"
    },
    "marge": {
      "options": null,
      "version": "6.2.0"
    }
  }
}