{"F:\\4-1\\SmartRoutine\\scrms-backend\\SmartClassRoutineManagementSystem\\controllers\\syllabusFilterController.js":{"path":"F:\\4-1\\SmartRoutine\\scrms-backend\\SmartClassRoutineManagementSystem\\controllers\\syllabusFilterController.js","statementMap":{"0":{"start":{"line":6,"column":13},"end":{"line":6,"column":36}},"1":{"start":{"line":15,"column":8},"end":{"line":15,"column":25}},"2":{"start":{"line":27,"column":8},"end":{"line":33,"column":47}},"3":{"start":{"line":28,"column":28},"end":{"line":28,"column":66}},"4":{"start":{"line":29,"column":31},"end":{"line":29,"column":70}},"5":{"start":{"line":30,"column":32},"end":{"line":30,"column":74}},"6":{"start":{"line":31,"column":32},"end":{"line":31,"column":68}},"7":{"start":{"line":32,"column":32},"end":{"line":32,"column":58}},"8":{"start":{"line":33,"column":26},"end":{"line":33,"column":45}},"9":{"start":{"line":42,"column":22},"end":{"line":42,"column":75}},"10":{"start":{"line":43,"column":8},"end":{"line":49,"column":11}},"11":{"start":{"line":44,"column":12},"end":{"line":48,"column":15}},"12":{"start":{"line":45,"column":16},"end":{"line":45,"column":44}},"13":{"start":{"line":45,"column":25},"end":{"line":45,"column":44}},"14":{"start":{"line":46,"column":16},"end":{"line":46,"column":91}},"15":{"start":{"line":46,"column":42},"end":{"line":46,"column":91}},"16":{"start":{"line":47,"column":16},"end":{"line":47,"column":44}},"17":{"start":{"line":59,"column":22},"end":{"line":59,"column":94}},"18":{"start":{"line":60,"column":8},"end":{"line":66,"column":11}},"19":{"start":{"line":61,"column":12},"end":{"line":65,"column":15}},"20":{"start":{"line":62,"column":16},"end":{"line":62,"column":44}},"21":{"start":{"line":62,"column":25},"end":{"line":62,"column":44}},"22":{"start":{"line":63,"column":16},"end":{"line":63,"column":88}},"23":{"start":{"line":63,"column":42},"end":{"line":63,"column":88}},"24":{"start":{"line":64,"column":16},"end":{"line":64,"column":47}},"25":{"start":{"line":76,"column":22},"end":{"line":76,"column":97}},"26":{"start":{"line":77,"column":8},"end":{"line":83,"column":11}},"27":{"start":{"line":78,"column":12},"end":{"line":82,"column":15}},"28":{"start":{"line":79,"column":16},"end":{"line":79,"column":44}},"29":{"start":{"line":79,"column":25},"end":{"line":79,"column":44}},"30":{"start":{"line":80,"column":16},"end":{"line":80,"column":90}},"31":{"start":{"line":80,"column":42},"end":{"line":80,"column":90}},"32":{"start":{"line":81,"column":16},"end":{"line":81,"column":49}},"33":{"start":{"line":93,"column":22},"end":{"line":103,"column":9}},"34":{"start":{"line":104,"column":8},"end":{"line":116,"column":11}},"35":{"start":{"line":105,"column":12},"end":{"line":115,"column":15}},"36":{"start":{"line":106,"column":16},"end":{"line":106,"column":44}},"37":{"start":{"line":106,"column":25},"end":{"line":106,"column":44}},"38":{"start":{"line":107,"column":16},"end":{"line":107,"column":61}},"39":{"start":{"line":107,"column":42},"end":{"line":107,"column":61}},"40":{"start":{"line":108,"column":35},"end":{"line":108,"column":45}},"41":{"start":{"line":109,"column":16},"end":{"line":109,"column":41}},"42":{"start":{"line":110,"column":16},"end":{"line":110,"column":43}},"43":{"start":{"line":111,"column":16},"end":{"line":111,"column":46}},"44":{"start":{"line":112,"column":16},"end":{"line":112,"column":50}},"45":{"start":{"line":113,"column":16},"end":{"line":113,"column":58}},"46":{"start":{"line":114,"column":16},"end":{"line":114,"column":36}},"47":{"start":{"line":125,"column":25},"end":{"line":125,"column":45}},"48":{"start":{"line":126,"column":25},"end":{"line":132,"column":9}},"49":{"start":{"line":133,"column":8},"end":{"line":133,"column":60}},"50":{"start":{"line":133,"column":48},"end":{"line":133,"column":58}},"51":{"start":{"line":143,"column":22},"end":{"line":143,"column":78}},"52":{"start":{"line":144,"column":8},"end":{"line":144,"column":87}},"53":{"start":{"line":154,"column":22},"end":{"line":154,"column":82}},"54":{"start":{"line":155,"column":8},"end":{"line":155,"column":91}},"55":{"start":{"line":165,"column":22},"end":{"line":165,"column":88}},"56":{"start":{"line":166,"column":8},"end":{"line":166,"column":97}},"57":{"start":{"line":176,"column":22},"end":{"line":179,"column":9}},"58":{"start":{"line":180,"column":8},"end":{"line":186,"column":11}},"59":{"start":{"line":181,"column":12},"end":{"line":185,"column":15}},"60":{"start":{"line":182,"column":16},"end":{"line":182,"column":44}},"61":{"start":{"line":182,"column":25},"end":{"line":182,"column":44}},"62":{"start":{"line":183,"column":16},"end":{"line":183,"column":55}},"63":{"start":{"line":184,"column":16},"end":{"line":184,"column":26}},"64":{"start":{"line":198,"column":22},"end":{"line":198,"column":87}},"65":{"start":{"line":199,"column":8},"end":{"line":199,"column":104}},"66":{"start":{"line":203,"column":8},"end":{"line":209,"column":11}},"67":{"start":{"line":204,"column":12},"end":{"line":208,"column":15}},"68":{"start":{"line":205,"column":16},"end":{"line":205,"column":44}},"69":{"start":{"line":205,"column":25},"end":{"line":205,"column":44}},"70":{"start":{"line":206,"column":16},"end":{"line":206,"column":63}},"71":{"start":{"line":206,"column":49},"end":{"line":206,"column":60}},"72":{"start":{"line":207,"column":16},"end":{"line":207,"column":26}},"73":{"start":{"line":213,"column":0},"end":{"line":213,"column":35}}},"fnMap":{"0":{"name":"(anonymous_0)","decl":{"start":{"line":14,"column":4},"end":{"line":14,"column":5}},"loc":{"start":{"line":14,"column":22},"end":{"line":16,"column":5}},"line":14},"1":{"name":"(anonymous_1)","decl":{"start":{"line":26,"column":4},"end":{"line":26,"column":5}},"loc":{"start":{"line":26,"column":81},"end":{"line":34,"column":5}},"line":26},"2":{"name":"(anonymous_2)","decl":{"start":{"line":28,"column":18},"end":{"line":28,"column":19}},"loc":{"start":{"line":28,"column":28},"end":{"line":28,"column":66}},"line":28},"3":{"name":"(anonymous_3)","decl":{"start":{"line":29,"column":18},"end":{"line":29,"column":19}},"loc":{"start":{"line":29,"column":31},"end":{"line":29,"column":70}},"line":29},"4":{"name":"(anonymous_4)","decl":{"start":{"line":30,"column":18},"end":{"line":30,"column":19}},"loc":{"start":{"line":30,"column":32},"end":{"line":30,"column":74}},"line":30},"5":{"name":"(anonymous_5)","decl":{"start":{"line":31,"column":18},"end":{"line":31,"column":19}},"loc":{"start":{"line":31,"column":32},"end":{"line":31,"column":68}},"line":31},"6":{"name":"(anonymous_6)","decl":{"start":{"line":32,"column":18},"end":{"line":32,"column":19}},"loc":{"start":{"line":32,"column":32},"end":{"line":32,"column":58}},"line":32},"7":{"name":"(anonymous_7)","decl":{"start":{"line":33,"column":19},"end":{"line":33,"column":20}},"loc":{"start":{"line":33,"column":26},"end":{"line":33,"column":45}},"line":33},"8":{"name":"(anonymous_8)","decl":{"start":{"line":41,"column":4},"end":{"line":41,"column":5}},"loc":{"start":{"line":41,"column":36},"end":{"line":50,"column":5}},"line":41},"9":{"name":"(anonymous_9)","decl":{"start":{"line":43,"column":27},"end":{"line":43,"column":28}},"loc":{"start":{"line":43,"column":48},"end":{"line":49,"column":9}},"line":43},"10":{"name":"(anonymous_10)","decl":{"start":{"line":44,"column":53},"end":{"line":44,"column":54}},"loc":{"start":{"line":44,"column":71},"end":{"line":48,"column":13}},"line":44},"11":{"name":"(anonymous_11)","decl":{"start":{"line":58,"column":4},"end":{"line":58,"column":5}},"loc":{"start":{"line":58,"column":38},"end":{"line":67,"column":5}},"line":58},"12":{"name":"(anonymous_12)","decl":{"start":{"line":60,"column":27},"end":{"line":60,"column":28}},"loc":{"start":{"line":60,"column":48},"end":{"line":66,"column":9}},"line":60},"13":{"name":"(anonymous_13)","decl":{"start":{"line":61,"column":58},"end":{"line":61,"column":59}},"loc":{"start":{"line":61,"column":76},"end":{"line":65,"column":13}},"line":61},"14":{"name":"(anonymous_14)","decl":{"start":{"line":75,"column":4},"end":{"line":75,"column":5}},"loc":{"start":{"line":75,"column":39},"end":{"line":84,"column":5}},"line":75},"15":{"name":"(anonymous_15)","decl":{"start":{"line":77,"column":27},"end":{"line":77,"column":28}},"loc":{"start":{"line":77,"column":48},"end":{"line":83,"column":9}},"line":77},"16":{"name":"(anonymous_16)","decl":{"start":{"line":78,"column":58},"end":{"line":78,"column":59}},"loc":{"start":{"line":78,"column":76},"end":{"line":82,"column":13}},"line":78},"17":{"name":"(anonymous_17)","decl":{"start":{"line":92,"column":4},"end":{"line":92,"column":5}},"loc":{"start":{"line":92,"column":42},"end":{"line":117,"column":5}},"line":92},"18":{"name":"(anonymous_18)","decl":{"start":{"line":104,"column":27},"end":{"line":104,"column":28}},"loc":{"start":{"line":104,"column":48},"end":{"line":116,"column":9}},"line":104},"19":{"name":"(anonymous_19)","decl":{"start":{"line":105,"column":61},"end":{"line":105,"column":62}},"loc":{"start":{"line":105,"column":79},"end":{"line":115,"column":13}},"line":105},"20":{"name":"(anonymous_20)","decl":{"start":{"line":124,"column":4},"end":{"line":124,"column":5}},"loc":{"start":{"line":124,"column":36},"end":{"line":134,"column":5}},"line":124},"21":{"name":"(anonymous_21)","decl":{"start":{"line":133,"column":42},"end":{"line":133,"column":43}},"loc":{"start":{"line":133,"column":48},"end":{"line":133,"column":58}},"line":133},"22":{"name":"(anonymous_22)","decl":{"start":{"line":142,"column":4},"end":{"line":142,"column":5}},"loc":{"start":{"line":142,"column":40},"end":{"line":145,"column":5}},"line":142},"23":{"name":"(anonymous_23)","decl":{"start":{"line":153,"column":4},"end":{"line":153,"column":5}},"loc":{"start":{"line":153,"column":42},"end":{"line":156,"column":5}},"line":153},"24":{"name":"(anonymous_24)","decl":{"start":{"line":164,"column":4},"end":{"line":164,"column":5}},"loc":{"start":{"line":164,"column":45},"end":{"line":167,"column":5}},"line":164},"25":{"name":"(anonymous_25)","decl":{"start":{"line":175,"column":4},"end":{"line":175,"column":5}},"loc":{"start":{"line":175,"column":48},"end":{"line":187,"column":5}},"line":175},"26":{"name":"(anonymous_26)","decl":{"start":{"line":180,"column":27},"end":{"line":180,"column":28}},"loc":{"start":{"line":180,"column":48},"end":{"line":186,"column":9}},"line":180},"27":{"name":"(anonymous_27)","decl":{"start":{"line":181,"column":47},"end":{"line":181,"column":48}},"loc":{"start":{"line":181,"column":65},"end":{"line":185,"column":13}},"line":181},"28":{"name":"(anonymous_28)","decl":{"start":{"line":197,"column":4},"end":{"line":197,"column":5}},"loc":{"start":{"line":197,"column":48},"end":{"line":200,"column":5}},"line":197},"29":{"name":"(anonymous_29)","decl":{"start":{"line":202,"column":4},"end":{"line":202,"column":5}},"loc":{"start":{"line":202,"column":54},"end":{"line":210,"column":5}},"line":202},"30":{"name":"(anonymous_30)","decl":{"start":{"line":203,"column":27},"end":{"line":203,"column":28}},"loc":{"start":{"line":203,"column":48},"end":{"line":209,"column":9}},"line":203},"31":{"name":"(anonymous_31)","decl":{"start":{"line":204,"column":47},"end":{"line":204,"column":48}},"loc":{"start":{"line":204,"column":65},"end":{"line":208,"column":13}},"line":204},"32":{"name":"(anonymous_32)","decl":{"start":{"line":206,"column":42},"end":{"line":206,"column":43}},"loc":{"start":{"line":206,"column":49},"end":{"line":206,"column":60}},"line":206}},"branchMap":{"0":{"loc":{"start":{"line":45,"column":16},"end":{"line":45,"column":44}},"type":"if","locations":[{"start":{"line":45,"column":16},"end":{"line":45,"column":44}},{"start":{},"end":{}}],"line":45},"1":{"loc":{"start":{"line":46,"column":16},"end":{"line":46,"column":91}},"type":"if","locations":[{"start":{"line":46,"column":16},"end":{"line":46,"column":91}},{"start":{},"end":{}}],"line":46},"2":{"loc":{"start":{"line":62,"column":16},"end":{"line":62,"column":44}},"type":"if","locations":[{"start":{"line":62,"column":16},"end":{"line":62,"column":44}},{"start":{},"end":{}}],"line":62},"3":{"loc":{"start":{"line":63,"column":16},"end":{"line":63,"column":88}},"type":"if","locations":[{"start":{"line":63,"column":16},"end":{"line":63,"column":88}},{"start":{},"end":{}}],"line":63},"4":{"loc":{"start":{"line":79,"column":16},"end":{"line":79,"column":44}},"type":"if","locations":[{"start":{"line":79,"column":16},"end":{"line":79,"column":44}},{"start":{},"end":{}}],"line":79},"5":{"loc":{"start":{"line":80,"column":16},"end":{"line":80,"column":90}},"type":"if","locations":[{"start":{"line":80,"column":16},"end":{"line":80,"column":90}},{"start":{},"end":{}}],"line":80},"6":{"loc":{"start":{"line":106,"column":16},"end":{"line":106,"column":44}},"type":"if","locations":[{"start":{"line":106,"column":16},"end":{"line":106,"column":44}},{"start":{},"end":{}}],"line":106},"7":{"loc":{"start":{"line":107,"column":16},"end":{"line":107,"column":61}},"type":"if","locations":[{"start":{"line":107,"column":16},"end":{"line":107,"column":61}},{"start":{},"end":{}}],"line":107},"8":{"loc":{"start":{"line":182,"column":16},"end":{"line":182,"column":44}},"type":"if","locations":[{"start":{"line":182,"column":16},"end":{"line":182,"column":44}},{"start":{},"end":{}}],"line":182},"9":{"loc":{"start":{"line":205,"column":16},"end":{"line":205,"column":44}},"type":"if","locations":[{"start":{"line":205,"column":16},"end":{"line":205,"column":44}},{"start":{},"end":{}}],"line":205}},"s":{"0":1,"1":6,"2":6,"3":5,"4":4,"5":3,"6":3,"7":1,"8":5,"9":6,"10":6,"11":6,"12":6,"13":0,"14":6,"15":1,"16":5,"17":5,"18":5,"19":5,"20":5,"21":0,"22":5,"23":1,"24":4,"25":4,"26":4,"27":4,"28":4,"29":0,"30":4,"31":1,"32":3,"33":3,"34":3,"35":3,"36":3,"37":0,"38":3,"39":1,"40":2,"41":2,"42":2,"43":2,"44":2,"45":2,"46":2,"47":3,"48":3,"49":3,"50":1,"51":3,"52":3,"53":3,"54":3,"55":3,"56":3,"57":3,"58":3,"59":3,"60":1,"61":0,"62":1,"63":1,"64":3,"65":3,"66":12,"67":12,"68":5,"69":1,"70":4,"71":4,"72":4,"73":1},"f":{"0":6,"1":6,"2":5,"3":4,"4":3,"5":3,"6":1,"7":5,"8":6,"9":6,"10":6,"11":5,"12":5,"13":5,"14":4,"15":4,"16":4,"17":3,"18":3,"19":3,"20":3,"21":1,"22":3,"23":3,"24":3,"25":3,"26":3,"27":1,"28":3,"29":12,"30":12,"31":5,"32":4},"b":{"0":[0,6],"1":[1,5],"2":[0,5],"3":[1,4],"4":[0,4],"5":[1,3],"6":[0,3],"7":[1,2],"8":[0,1],"9":[1,4]},"_coverageSchema":"1a1c01bbd47fc00a2c39e90264f33305004495a9","hash":"68b6fbed82de89d1f4728122bfd9f62d0dc815b6","contentHash":"41bdd4a946df1b44ddd7bdd6f4b0c4e184272415ad87f7493d4139202db98022"}}